<?xml version="1.0" encoding="UTF-8"?>
<testsuite xmlns:xsi="http://www.w3.org/2001/XMLSchema-instance" xsi:noNamespaceSchemaLocation="https://maven.apache.org/surefire/maven-surefire-plugin/xsd/surefire-test-report-3.0.xsd" version="3.0" name="runners.CucumberRunner" time="10.154" tests="1" errors="1" skipped="0" failures="0">
  <properties>
[...]
</properties>
  <testcase name="Verifying &quot;About this item&quot; feature for product page is present" classname="Testing Amazon.in &quot;About this item&quot; feature" time="9.402">
    <error message="no such window: target window already closed&#10;from unknown error: web view not found&#10;  (Session info: chrome=114.0.5735.198)&#10;Build info: version: &apos;4.1.4&apos;, revision: &apos;535d840ee2&apos;&#10;System info: host: &apos;Sakirs-MBP.lan&apos;, ip: &apos;2603:800c:1700:46b4:0:0:0:1571%en0&apos;, os.name: &apos;Mac OS X&apos;, os.arch: &apos;x86_64&apos;, os.version: &apos;13.4.1&apos;, java.version: &apos;18.0.1&apos;&#10;Driver info: org.openqa.selenium.chrome.ChromeDriver&#10;Command: [a9ed0eed66b74657a9bd89930942fb24, screenshot {}]&#10;Capabilities {acceptInsecureCerts: false, browserName: chrome, browserVersion: 114.0.5735.198, chrome: {chromedriverVersion: 114.0.5735.90 (386bc09e8f4f..., userDataDir: /var/folders/k6/v587rhlx46d...}, goog:chromeOptions: {debuggerAddress: localhost:60706}, javascriptEnabled: true, networkConnectionEnabled: false, pageLoadStrategy: normal, platform: MAC, platformName: MAC, proxy: Proxy(), se:cdp: ws://localhost:60706/devtoo..., se:cdpVersion: 114.0.5735.198, setWindowRect: true, strictFileInteractability: false, timeouts: {implicit: 0, pageLoad: 300000, script: 30000}, unhandledPromptBehavior: dismiss and notify, webauthn:extension:credBlob: true, webauthn:extension:largeBlob: true, webauthn:extension:minPinLength: true, webauthn:extension:prf: true, webauthn:virtualAuthenticators: true}&#10;Session ID: a9ed0eed66b74657a9bd89930942fb24" type="org.openqa.selenium.NoSuchWindowException"><![CDATA[org.openqa.selenium.NoSuchWindowException: 
no such window: target window already closed
from unknown error: web view not found
  (Session info: chrome=114.0.5735.198)
Build info: version: '4.1.4', revision: '535d840ee2'
System info: host: 'Sakirs-MBP.lan', ip: '2603:800c:1700:46b4:0:0:0:1571%en0', os.name: 'Mac OS X', os.arch: 'x86_64', os.version: '13.4.1', java.version: '18.0.1'
Driver info: org.openqa.selenium.chrome.ChromeDriver
Command: [a9ed0eed66b74657a9bd89930942fb24, screenshot {}]
Capabilities {acceptInsecureCerts: false, browserName: chrome, browserVersion: 114.0.5735.198, chrome: {chromedriverVersion: 114.0.5735.90 (386bc09e8f4f..., userDataDir: /var/folders/k6/v587rhlx46d...}, goog:chromeOptions: {debuggerAddress: localhost:60706}, javascriptEnabled: true, networkConnectionEnabled: false, pageLoadStrategy: normal, platform: MAC, platformName: MAC, proxy: Proxy(), se:cdp: ws://localhost:60706/devtoo..., se:cdpVersion: 114.0.5735.198, setWindowRect: true, strictFileInteractability: false, timeouts: {implicit: 0, pageLoad: 300000, script: 30000}, unhandledPromptBehavior: dismiss and notify, webauthn:extension:credBlob: true, webauthn:extension:largeBlob: true, webauthn:extension:minPinLength: true, webauthn:extension:prf: true, webauthn:virtualAuthenticators: true}
Session ID: a9ed0eed66b74657a9bd89930942fb24
	at java.base/jdk.internal.reflect.DirectConstructorHandleAccessor.newInstance(DirectConstructorHandleAccessor.java:67)
	at java.base/java.lang.reflect.Constructor.newInstanceWithCaller(Constructor.java:499)
	at java.base/java.lang.reflect.Constructor.newInstance(Constructor.java:483)
	at org.openqa.selenium.remote.codec.w3c.W3CHttpResponseCodec.createException(W3CHttpResponseCodec.java:200)
	at org.openqa.selenium.remote.codec.w3c.W3CHttpResponseCodec.decode(W3CHttpResponseCodec.java:133)
	at org.openqa.selenium.remote.codec.w3c.W3CHttpResponseCodec.decode(W3CHttpResponseCodec.java:53)
	at org.openqa.selenium.remote.HttpCommandExecutor.execute(HttpCommandExecutor.java:184)
	at org.openqa.selenium.remote.service.DriverCommandExecutor.invokeExecute(DriverCommandExecutor.java:167)
	at org.openqa.selenium.remote.service.DriverCommandExecutor.execute(DriverCommandExecutor.java:142)
	at org.openqa.selenium.remote.RemoteWebDriver.execute(RemoteWebDriver.java:567)
	at org.openqa.selenium.remote.RemoteWebDriver.execute(RemoteWebDriver.java:622)
	at org.openqa.selenium.remote.RemoteWebDriver.execute(RemoteWebDriver.java:626)
	at org.openqa.selenium.remote.RemoteWebDriver.getScreenshotAs(RemoteWebDriver.java:351)
	at utils.CommonMethods.takeScreenShot(CommonMethods.java:118)
	at steps.Hooks.afterStep(Hooks.java:23)
]]></error>
    <system-out><![CDATA[
@smoke
Scenario: Verifying "About this item" feature for product page is present                                          # src/test/resources/features/Test1.feature:4
  Given user navigates to tutorials ninja website and verify that the url is "https://www.amazon.in/"              # steps.Test1Steps.userNavigatesToTutorialsNinjaWebsiteAndVerifyThatTheUrlIs(java.lang.String)
      org.openqa.selenium.NoSuchWindowException: no such window: target window already closed
from unknown error: web view not found
  (Session info: chrome=114.0.5735.198)
Build info: version: '4.1.4', revision: '535d840ee2'
System info: host: 'Sakirs-MBP.lan', ip: '2603:800c:1700:46b4:0:0:0:1571%en0', os.name: 'Mac OS X', os.arch: 'x86_64', os.version: '13.4.1', java.version: '18.0.1'
Driver info: org.openqa.selenium.chrome.ChromeDriver
Command: [a9ed0eed66b74657a9bd89930942fb24, screenshot {}]
Capabilities {acceptInsecureCerts: false, browserName: chrome, browserVersion: 114.0.5735.198, chrome: {chromedriverVersion: 114.0.5735.90 (386bc09e8f4f..., userDataDir: /var/folders/k6/v587rhlx46d...}, goog:chromeOptions: {debuggerAddress: localhost:60706}, javascriptEnabled: true, networkConnectionEnabled: false, pageLoadStrategy: normal, platform: MAC, platformName: MAC, proxy: Proxy(), se:cdp: ws://localhost:60706/devtoo..., se:cdpVersion: 114.0.5735.198, setWindowRect: true, strictFileInteractability: false, timeouts: {implicit: 0, pageLoad: 300000, script: 30000}, unhandledPromptBehavior: dismiss and notify, webauthn:extension:credBlob: true, webauthn:extension:largeBlob: true, webauthn:extension:minPinLength: true, webauthn:extension:prf: true, webauthn:virtualAuthenticators: true}
Session ID: a9ed0eed66b74657a9bd89930942fb24
	at java.base/jdk.internal.reflect.DirectConstructorHandleAccessor.newInstance(DirectConstructorHandleAccessor.java:67)
	at java.base/java.lang.reflect.Constructor.newInstanceWithCaller(Constructor.java:499)
	at java.base/java.lang.reflect.Constructor.newInstance(Constructor.java:483)
	at org.openqa.selenium.remote.codec.w3c.W3CHttpResponseCodec.createException(W3CHttpResponseCodec.java:200)
	at org.openqa.selenium.remote.codec.w3c.W3CHttpResponseCodec.decode(W3CHttpResponseCodec.java:133)
	at org.openqa.selenium.remote.codec.w3c.W3CHttpResponseCodec.decode(W3CHttpResponseCodec.java:53)
	at org.openqa.selenium.remote.HttpCommandExecutor.execute(HttpCommandExecutor.java:184)
	at org.openqa.selenium.remote.service.DriverCommandExecutor.invokeExecute(DriverCommandExecutor.java:167)
	at org.openqa.selenium.remote.service.DriverCommandExecutor.execute(DriverCommandExecutor.java:142)
	at org.openqa.selenium.remote.RemoteWebDriver.execute(RemoteWebDriver.java:567)
	at org.openqa.selenium.remote.RemoteWebDriver.execute(RemoteWebDriver.java:622)
	at org.openqa.selenium.remote.RemoteWebDriver.execute(RemoteWebDriver.java:626)
	at org.openqa.selenium.remote.RemoteWebDriver.getScreenshotAs(RemoteWebDriver.java:351)
	at utils.CommonMethods.takeScreenShot(CommonMethods.java:118)
	at steps.Hooks.afterStep(Hooks.java:23)

  When user clicks on the hamburger menu in the top left corner                                                    # steps.Test1Steps.userClicksOnTheHamburgerMenuInTheTopLeftCorner()
  And user scrolls down and then Click on the "TV, Appliances, Electronics" link under Shop by Department section. # steps.Test1Steps.userScrollsDownAndThenClickOnTheLinkUnderShopByDepartmentSection(java.lang.String)
  And user clicks on "Televisions" under Tv, Audio & Cameras sub section                                           # steps.Test1Steps.userClicksOnUnderTvAudioCamerasSubSection(java.lang.String)
  And user scrolls down and filter the results by Brand "Samsung"                                                  # steps.Test1Steps.userScrollsDownAndFilterTheResultsByBrand(java.lang.String)
  And user sorts the Samsung results with "Price: High to Low"                                                     # steps.Test1Steps.userSortsTheSamsungResultsWith(java.lang.String)
  And user clicks on the "2." highest priced item                                                                  # steps.Test1Steps.userClicksOnTheHighestPricedItem(java.lang.String)
  Then user verifies that "About this item" section is present                                                     # steps.Test1Steps.userVerifiesThatSectionIsPresent(java.lang.String)
]]></system-out>
    <system-err><![CDATA[SLF4J: Failed to load class "org.slf4j.impl.StaticLoggerBinder".
SLF4J: Defaulting to no-operation (NOP) logger implementation
SLF4J: See http://www.slf4j.org/codes.html#StaticLoggerBinder for further details.
Starting ChromeDriver 114.0.5735.90 (386bc09e8f4f2e025eddae123f36f6263096ae49-refs/branch-heads/5735@{#1052}) on port 55287
Only local connections are allowed.
Please see https://chromedriver.chromium.org/security-considerations for suggestions on keeping ChromeDriver safe.
ChromeDriver was started successfully.
Jul 03, 2023 1:55:39 PM org.openqa.selenium.remote.ProtocolHandshake createSession
INFO: Detected dialect: W3C
Jul 03, 2023 1:55:39 PM org.openqa.selenium.devtools.CdpVersionFinder findNearestMatch
WARNING: Unable to find an exact match for CDP version 114, so returning the closest version found: a no-op implementation
Jul 03, 2023 1:55:39 PM org.openqa.selenium.devtools.CdpVersionFinder findNearestMatch
INFO: Unable to find CDP implementation matching 114.
Jul 03, 2023 1:55:39 PM org.openqa.selenium.chromium.ChromiumDriver lambda$new$3
WARNING: Unable to find version of CDP to use for . You may need to include a dependency on a specific version of the CDP using something similar to `org.seleniumhq.selenium:selenium-devtools-v86:4.1.4` where the version ("v86") matches the version of the chromium-based browser you're using and the version number of the artifact is the same as Selenium's.
]]></system-err>
  </testcase>
</testsuite>